<?xml version="1.0" encoding="UTF-8"?>
<!-- Generated by org.testng.reporters.JUnitReportReporter -->
<testsuite hostname="KICHCHABOSS" failures="0" tests="2" name="com.actitime.testscripts.TaskModule" time="7.567" errors="0" timestamp="2024-03-05T22:18:30 IST" skipped="0">
  <testcase classname="com.actitime.testscripts.TaskModule" name="modifyTask" time="4.506"/>
  <system-out>
    <![CDATA[modifyTask]]>
  </system-out>
  <testcase classname="com.actitime.testscripts.TaskModule" name="deleteTask" time="3.061"/>
  <system-out>
    <![CDATA[deleteTask]]>
  </system-out>
</testsuite> <!-- com.actitime.testscripts.TaskModule -->
