<?xml version="1.0" encoding="UTF-8"?>
<!-- Generated by org.testng.reporters.JUnitReportReporter -->
<testsuite hostname="KICHCHABOSS" failures="0" tests="1" name="com.actitime.testscripts.VerifyTitle" time="6.549" errors="0" timestamp="2024-03-05T21:25:40 IST" skipped="0">
  <testcase classname="com.actitime.testscripts.VerifyTitle" name="demo" time="6.549"/>
  <system-out>
    <![CDATA[Pass: both title are same]]>
  </system-out>
</testsuite> <!-- com.actitime.testscripts.VerifyTitle -->
