<?xml version="1.0" encoding="UTF-8"?>
<!-- Generated by org.testng.reporters.JUnitReportReporter -->
<testsuite hostname="KICHCHABOSS" failures="0" tests="2" name="com.actitime.testscripts.ProjectModule" time="0.006" errors="0" timestamp="2024-03-05T22:18:30 IST" skipped="0">
  <testcase classname="com.actitime.testscripts.ProjectModule" name="deleteProject" time="0.003"/>
  <system-out>
    <![CDATA[deleteProject]]>
  </system-out>
  <testcase classname="com.actitime.testscripts.ProjectModule" name="modifyProject" time="0.003"/>
  <system-out>
    <![CDATA[modifyProject]]>
  </system-out>
</testsuite> <!-- com.actitime.testscripts.ProjectModule -->
