<?xml version="1.0" encoding="UTF-8"?>
<!-- Generated by org.testng.reporters.JUnitReportReporter -->
<testsuite hostname="KICHCHABOSS" failures="0" tests="3" name="com.actitime.testscripts.CustomerModule" time="0.008" errors="0" timestamp="2024-03-05T22:18:30 IST" skipped="0">
  <testcase classname="com.actitime.testscripts.CustomerModule" name="modifyCustomer" time="0.002"/>
  <system-out>
    <![CDATA[modifyCustomer]]>
  </system-out>
  <testcase classname="com.actitime.testscripts.CustomerModule" name="createCustomer" time="0.003"/>
  <system-out>
    <![CDATA[CreateCustomer]]>
  </system-out>
  <testcase classname="com.actitime.testscripts.CustomerModule" name="deleteCustomer" time="0.003"/>
  <system-out>
    <![CDATA[deleteCustomer]]>
  </system-out>
</testsuite> <!-- com.actitime.testscripts.CustomerModule -->
