<?xml version="1.0" encoding="UTF-8"?>
<!-- Generated by org.testng.reporters.JUnitReportReporter -->
<testsuite hostname="KICHCHABOSS" failures="0" tests="4" name="com.actitime.testscripts.Execution" time="9.509" errors="0" timestamp="2024-03-05T21:56:55 IST" skipped="0">
  <testcase classname="com.actitime.testscripts.Execution" name="deleteCustomer" time="2.076"/>
  <system-out>
    <![CDATA[deleteCustomer]]>
  </system-out>
  <testcase classname="com.actitime.testscripts.Execution" name="modifyCustomer" time="3.390"/>
  <system-out>
    <![CDATA[modifyCustomer]]>
  </system-out>
  <testcase classname="com.actitime.testscripts.Execution" name="createCustomer" time="1.864"/>
  <system-out>
    <![CDATA[CreateCustomer]]>
  </system-out>
  <testcase classname="com.actitime.testscripts.Execution" name="createCustomer" time="2.179"/>
  <system-out>
    <![CDATA[CreateCustomer]]>
  </system-out>
</testsuite> <!-- com.actitime.testscripts.Execution -->
